Flutter crash report.
Please report a bug at https://github.com/flutter/flutter/issues.

## command

flutter --no-color pub get

## exception

NoSuchMethodError: NoSuchMethodError: The method 'containsKey' was called on null.
Receiver: null
Tried calling: containsKey("default_package")

```
#0      Object.noSuchMethod (dart:core-patch/object_patch.dart:54:5)
#1      Plugin._providesImplementationForPlatform (package:flutter_tools/src/plugins.dart:302:49)
#2      new Plugin._fromMultiPlatformYaml (package:flutter_tools/src/plugins.dart:130:9)
#3      new Plugin.fromYaml (package:flutter_tools/src/plugins.dart:85:21)
#4      _pluginFromPackage (package:flutter_tools/src/plugins.dart:341:17)
#5      findPlugins (package:flutter_tools/src/plugins.dart:363:27)
<asynchronous suspension>
#6      refreshPluginsList (package:flutter_tools/src/plugins.dart:1166:32)
<asynchronous suspension>
#7      FlutterProject.ensureReadyForPlatformSpecificTooling (package:flutter_tools/src/project.dart:300:5)
<asynchronous suspension>
#8      PackagesGetCommand.runCommand (package:flutter_tools/src/commands/packages.dart:173:7)
<asynchronous suspension>
#9      FlutterCommand.run.<anonymous closure> (package:flutter_tools/src/runner/flutter_command.dart:1043:27)
<asynchronous suspension>
#10     AppContext.run.<anonymous closure> (package:flutter_tools/src/base/context.dart:150:19)
<asynchronous suspension>
#11     CommandRunner.runCommand (package:args/command_runner.dart:196:13)
<asynchronous suspension>
#12     FlutterCommandRunner.runCommand.<anonymous closure> (package:flutter_tools/src/runner/flutter_command_runner.dart:284:9)
<asynchronous suspension>
#13     AppContext.run.<anonymous closure> (package:flutter_tools/src/base/context.dart:150:19)
<asynchronous suspension>
#14     FlutterCommandRunner.runCommand (package:flutter_tools/src/runner/flutter_command_runner.dart:232:5)
<asynchronous suspension>
#15     run.<anonymous closure>.<anonymous closure> (package:flutter_tools/runner.dart:62:9)
<asynchronous suspension>
#16     AppContext.run.<anonymous closure> (package:flutter_tools/src/base/context.dart:150:19)
<asynchronous suspension>
#17     main (package:flutter_tools/executable.dart:91:3)
<asynchronous suspension>
```

## flutter doctor

```
[✓] Flutter (Channel stable, 2.2.3, on macOS 11.2.3 20D91 darwin-x64, locale en-VN)
    • Flutter version 2.2.3 at /Users/hiennguyen92/Applications/flutter
    • Framework revision f4abaa0735 (7 weeks ago), 2021-07-01 12:46:11 -0700
    • Engine revision 241c87ad80
    • Dart version 2.13.4

[✓] Android toolchain - develop for Android devices (Android SDK version 29.0.3)
    • Android SDK at /Users/hiennguyen92/Library/Android/sdk
    • Platform android-30, build-tools 29.0.3
    • ANDROID_HOME = ~/Library/Android/sdk/platform-tools
    • Java binary at: /Applications/Android Studio.app/Contents/jre/jdk/Contents/Home/bin/java
    • Java version OpenJDK Runtime Environment (build 11.0.8+10-b944.6916264)
    • All Android licenses accepted.

[✓] Xcode - develop for iOS and macOS
    • Xcode at /Applications/Xcode.app/Contents/Developer
    • Xcode 12.5.1, Build version 12E507
    • CocoaPods version 1.10.1

[✓] Chrome - develop for the web
    • Chrome at /Applications/Google Chrome.app/Contents/MacOS/Google Chrome

[✓] Android Studio (version 4.2)
    • Android Studio at /Applications/Android Studio.app/Contents
    • Flutter plugin can be installed from:
      🔨 https://plugins.jetbrains.com/plugin/9212-flutter
    • Dart plugin can be installed from:
      🔨 https://plugins.jetbrains.com/plugin/6351-dart
    • Java version OpenJDK Runtime Environment (build 11.0.8+10-b944.6916264)

[✓] VS Code (version 1.59.0)
    • VS Code at /Applications/Visual Studio Code.app/Contents
    • Flutter extension can be installed from:
      🔨 https://marketplace.visualstudio.com/items?itemName=Dart-Code.flutter

[✓] Connected device (2 available)
    • iPhone Hien (mobile) • 8b5999ff2fe67c72e1c31902e24462f4838bc7ac • ios            • iOS 14.7.1
    • Chrome (web)         • chrome                                   • web-javascript • Google Chrome 92.0.4515.131

• No issues found!
```
